<?xml version="1.0" encoding="UTF-8"?>
<!-- Generated by org.testng.reporters.JUnitXMLReporter -->
<testsuite ignored="0" hostname="Sevvelkarans-MacBook-Air.local" failures="1" tests="2" name="Default test(failed)" time="20.139" errors="0" timestamp="2025-04-07T15:55:04 IST">
  <testcase classname="io.cucumber.testng.AbstractTestNGCucumberTests" name="runScenario" time="11.549">
    <failure type="java.lang.NullPointerException" message="Cannot invoke &amp;quot;org.openqa.selenium.SearchContext.findElement(org.openqa.selenium.By)&amp;quot; because &amp;quot;this.searchContext&amp;quot; is null">
      <![CDATA[java.lang.NullPointerException: Cannot invoke "org.openqa.selenium.SearchContext.findElement(org.openqa.selenium.By)" because "this.searchContext" is null
at org.openqa.selenium.support.pagefactory.DefaultElementLocator.findElement(DefaultElementLocator.java:68)
at org.openqa.selenium.support.pagefactory.internal.LocatingElementHandler.invoke(LocatingElementHandler.java:38)
at jdk.proxy2/jdk.proxy2.$Proxy26.sendKeys(Unknown Source)
at Actions.NewsAction.setemailnews(NewsAction.java:21)
at StepDef.DemoWebStep.user_enter_the_valid_email_id_to_the_newsletter(DemoWebStep.java:68)
at ✽.user enter the valid email id to the newsletter(file:///Users/sevvelkaranpalanivetrivel/git/Demo/Demo/src/test/resources/com/feature/Newsletter.feature:10)
]]>
    </failure>
  </testcase> <!-- runScenario -->
  <testcase classname="io.cucumber.testng.AbstractTestNGCucumberTests" name="runScenario" time="1.073"/>
</testsuite> <!-- Default test(failed) -->
