<?xml version="1.0" encoding="UTF-8"?>
<testng-results ignored="0" total="4" passed="4" failed="0" skipped="0">
  <reporter-output>
  </reporter-output>
  <suite started-at="2025-04-07T16:14:06 IST" name="Default suite" finished-at="2025-04-07T16:14:45 IST" duration-ms="39627">
    <groups>
      <group name="cucumber">
        <method signature="AbstractTestNGCucumberTests.runScenario(io.cucumber.testng.PickleWrapper,io.cucumber.testng.FeatureWrapper)[pri:0, instance:Runner.Runner@510f3d34]" name="runScenario" class="io.cucumber.testng.AbstractTestNGCucumberTests"/>
      </group> <!-- cucumber -->
    </groups>
    <test started-at="2025-04-07T16:14:06 IST" name="Default test" finished-at="2025-04-07T16:14:45 IST" duration-ms="39627">
      <class name="Runner.Runner">
        <test-method is-config="true" signature="setUpClass(org.testng.ITestContext)[pri:0, instance:Runner.Runner@510f3d34]" started-at="2025-04-07T16:14:06 IST" name="setUpClass" finished-at="2025-04-07T16:14:08 IST" duration-ms="1875" status="PASS">
          <params>
            <param index="0">
              <value>
                <![CDATA[org.testng.TestRunner@696298ea]]>
              </value>
            </param>
          </params>
          <reporter-output>
          </reporter-output>
        </test-method> <!-- setUpClass -->
        <test-method signature="runScenario(io.cucumber.testng.PickleWrapper,io.cucumber.testng.FeatureWrapper)[pri:0, instance:Runner.Runner@510f3d34]" started-at="2025-04-07T16:14:08 IST" name="runScenario" description="Runs Cucumber Scenarios" data-provider="scenarios" finished-at="2025-04-07T16:14:28 IST" duration-ms="20338" status="PASS">
          <params>
            <param index="0">
              <value>
                <![CDATA["Valid Login"]]>
              </value>
            </param>
            <param index="1">
              <value>
                <![CDATA["DemoWebShop"]]>
              </value>
            </param>
          </params>
          <reporter-output>
          </reporter-output>
        </test-method> <!-- runScenario -->
        <test-method signature="runScenario(io.cucumber.testng.PickleWrapper,io.cucumber.testng.FeatureWrapper)[pri:0, instance:Runner.Runner@510f3d34]" started-at="2025-04-07T16:14:28 IST" name="runScenario" description="Runs Cucumber Scenarios" data-provider="scenarios" finished-at="2025-04-07T16:14:38 IST" duration-ms="10312" status="PASS">
          <params>
            <param index="0">
              <value>
                <![CDATA["Navigate to MyAccounts"]]>
              </value>
            </param>
            <param index="1">
              <value>
                <![CDATA["Title of your feature"]]>
              </value>
            </param>
          </params>
          <reporter-output>
          </reporter-output>
        </test-method> <!-- runScenario -->
        <test-method signature="runScenario(io.cucumber.testng.PickleWrapper,io.cucumber.testng.FeatureWrapper)[pri:0, instance:Runner.Runner@510f3d34]" started-at="2025-04-07T16:14:38 IST" name="runScenario" description="Runs Cucumber Scenarios" data-provider="scenarios" finished-at="2025-04-07T16:14:39 IST" duration-ms="982" status="PASS">
          <params>
            <param index="0">
              <value>
                <![CDATA["To pass the valid email to the newsletter"]]>
              </value>
            </param>
            <param index="1">
              <value>
                <![CDATA["Pass the Email id for NewsLetter to get regular updates"]]>
              </value>
            </param>
          </params>
          <reporter-output>
          </reporter-output>
        </test-method> <!-- runScenario -->
        <test-method signature="runScenario(io.cucumber.testng.PickleWrapper,io.cucumber.testng.FeatureWrapper)[pri:0, instance:Runner.Runner@510f3d34]" started-at="2025-04-07T16:14:39 IST" name="runScenario" description="Runs Cucumber Scenarios" data-provider="scenarios" finished-at="2025-04-07T16:14:40 IST" duration-ms="815" status="PASS">
          <params>
            <param index="0">
              <value>
                <![CDATA["To pass the invalid email to the newsletter"]]>
              </value>
            </param>
            <param index="1">
              <value>
                <![CDATA["Pass the Email id for NewsLetter to get regular updates"]]>
              </value>
            </param>
          </params>
          <reporter-output>
          </reporter-output>
        </test-method> <!-- runScenario -->
        <test-method is-config="true" signature="tearDownClass()[pri:0, instance:Runner.Runner@510f3d34]" started-at="2025-04-07T16:14:40 IST" name="tearDownClass" finished-at="2025-04-07T16:14:45 IST" duration-ms="5219" status="PASS">
          <reporter-output>
          </reporter-output>
        </test-method> <!-- tearDownClass -->
      </class> <!-- Runner.Runner -->
    </test> <!-- Default test -->
  </suite> <!-- Default suite -->
</testng-results>
