<?xml version="1.0" encoding="UTF-8"?>
<!-- Generated by org.testng.reporters.JUnitReportReporter -->
<testsuite hostname="Sevvelkarans-MacBook-Air.local" failures="0" tests="4" name="Runner.Runner" time="32.447" errors="0" timestamp="2025-04-07T16:14:46 IST" skipped="0">
  <testcase classname="Runner.Runner" name="runScenario" time="10.312"/>
  <testcase classname="Runner.Runner" name="runScenario" time="0.815"/>
  <testcase classname="Runner.Runner" name="runScenario" time="20.338"/>
  <testcase classname="Runner.Runner" name="runScenario" time="0.982"/>
</testsuite> <!-- Runner.Runner -->
